<?xml version="1.0" encoding="UTF-8"?>
<!-- Generated by org.testng.reporters.JUnitReportReporter -->
<testsuite skipped="0" hostname="DESKTOP-SE2KBIM" name="test.RunTests" tests="1" failures="0" timestamp="14 Jul 2019 15:11:31 GMT" time="10.700" errors="0">
  <testcase name="testClock" time="10.700" classname="test.RunTests"/>
</testsuite> <!-- test.RunTests -->
